-------------------------------------------------------------------------------
Test set: examples.runners.InventoryRunner
-------------------------------------------------------------------------------
Tests run: 5, Failures: 2, Errors: 0, Skipped: 0, Time elapsed: 5.246 s <<< FAILURE! - in examples.runners.InventoryRunner
examples/tests/inventoryTests.[3:13] Validate add new item  Time elapsed: 0.198 s  <<< FAILURE!
org.opentest4j.AssertionFailedError: 
status code was: 400, expected: 200, response time in milliseconds: 76, url: http://localhost:3100/api/inventory/add, response: 
Bad Request
classpath:examples/pages/inventory.feature:30
classpath:examples/tests/inventoryTests.feature:15
	at com.intuit.karate.junit5.FeatureNode.lambda$next$1(FeatureNode.java:86)
	at java.base/java.util.stream.ForEachOps$ForEachOp$OfRef.accept(ForEachOps.java:186)
	at java.base/java.util.stream.ReferencePipeline$3$1.accept(ReferencePipeline.java:214)
	at java.base/java.util.stream.ReferencePipeline$2$1.accept(ReferencePipeline.java:197)
	at java.base/java.util.stream.ReferencePipeline$3$1.accept(ReferencePipeline.java:214)
	at java.base/java.util.Iterator.forEachRemaining(Iterator.java:133)
	at java.base/java.util.Spliterators$IteratorSpliterator.forEachRemaining(Spliterators.java:1939)
	at java.base/java.util.stream.AbstractPipeline.copyInto(AbstractPipeline.java:570)
	at java.base/java.util.stream.AbstractPipeline.wrapAndCopyInto(AbstractPipeline.java:560)
	at java.base/java.util.stream.ForEachOps$ForEachOp.evaluateSequential(ForEachOps.java:153)
	at java.base/java.util.stream.ForEachOps$ForEachOp$OfRef.evaluateSequential(ForEachOps.java:176)
	at java.base/java.util.stream.AbstractPipeline.evaluate(AbstractPipeline.java:265)
	at java.base/java.util.stream.ReferencePipeline.forEachOrdered(ReferencePipeline.java:637)
	at java.base/java.util.Optional.ifPresent(Optional.java:178)
	at java.base/java.util.ArrayList.forEach(ArrayList.java:1604)
	at java.base/java.util.ArrayList.forEach(ArrayList.java:1604)

examples/tests/inventoryTests.[5:21] Validate add item with missing info  Time elapsed: 1.273 s  <<< FAILURE!
org.opentest4j.AssertionFailedError: 
match failed: EQUALS
  $ | data types don't match (NULL:STRING)
  null
  'Bad Request'

classpath:examples/pages/inventory.feature:46
classpath:examples/tests/inventoryTests.feature:22
	at com.intuit.karate.junit5.FeatureNode.lambda$next$1(FeatureNode.java:86)
	at java.base/java.util.stream.ForEachOps$ForEachOp$OfRef.accept(ForEachOps.java:186)
	at java.base/java.util.stream.ReferencePipeline$3$1.accept(ReferencePipeline.java:214)
	at java.base/java.util.stream.ReferencePipeline$2$1.accept(ReferencePipeline.java:197)
	at java.base/java.util.stream.ReferencePipeline$3$1.accept(ReferencePipeline.java:214)
	at java.base/java.util.Iterator.forEachRemaining(Iterator.java:133)
	at java.base/java.util.Spliterators$IteratorSpliterator.forEachRemaining(Spliterators.java:1939)
	at java.base/java.util.stream.AbstractPipeline.copyInto(AbstractPipeline.java:570)
	at java.base/java.util.stream.AbstractPipeline.wrapAndCopyInto(AbstractPipeline.java:560)
	at java.base/java.util.stream.ForEachOps$ForEachOp.evaluateSequential(ForEachOps.java:153)
	at java.base/java.util.stream.ForEachOps$ForEachOp$OfRef.evaluateSequential(ForEachOps.java:176)
	at java.base/java.util.stream.AbstractPipeline.evaluate(AbstractPipeline.java:265)
	at java.base/java.util.stream.ReferencePipeline.forEachOrdered(ReferencePipeline.java:637)
	at java.base/java.util.Optional.ifPresent(Optional.java:178)
	at java.base/java.util.ArrayList.forEach(ArrayList.java:1604)
	at java.base/java.util.ArrayList.forEach(ArrayList.java:1604)

