<?xml version="1.0" encoding="UTF-8"?>
<testsuite xmlns:xsi="http://www.w3.org/2001/XMLSchema-instance" xsi:noNamespaceSchemaLocation="https://maven.apache.org/surefire/maven-surefire-plugin/xsd/surefire-test-report-3.0.xsd" version="3.0" name="examples.runners.InventoryRunner" time="5.246" tests="5" errors="0" skipped="0" failures="2">
  <properties>
[...]
</properties>
  <testcase name="[1:7] Validate all inventory items" classname="examples/tests/inventoryTests" time="2.351">
    <system-out><![CDATA[23:33:33.799 [main] DEBUG com.intuit.karate.Suite - [config] classpath:karate-config.js
23:33:35.390 [main] INFO  c.intuit.karate.core.FeatureRuntime - classpath:examples/pages/common.feature - call by tag at line 4: setup
23:33:35.446 [main] INFO  c.intuit.karate.core.FeatureRuntime - classpath:examples/pages/inventory.feature - call by tag at line 8: getAllItems
23:33:35.848 [main] DEBUG com.intuit.karate - request:
1 > GET http://localhost:3100/api/inventory
1 > Host: localhost:3100
1 > Connection: Keep-Alive
1 > User-Agent: Apache-HttpClient/4.5.14 (Java/25)
1 > Accept-Encoding: gzip,deflate


23:33:36.119 [main] DEBUG com.intuit.karate - response time in milliseconds: 265
1 < 200
1 < X-Powered-By: Express
1 < Content-Type: application/json; charset=utf-8
1 < Content-Length: 984
1 < ETag: W/"3d8-NgrPGVoDgVfiKevn4FdhfRFWB9Y"
1 < Date: Sat, 27 Sep 2025 02:33:36 GMT
1 < Connection: keep-alive
1 < Keep-Alive: timeout=5
{"data":[{"id":"1","name":"Classic Muzzarella","image":"classic.png","price":"$8"},{"id":"2","name":"Crispy Bacon","image":"bacon.png","price":"$9"},{"id":"3","name":"Baked Rolls x 8","image":"roll.png","price":"$10"},{"id":"4","name":"Garlic Mix","image":"garlicmix.png","price":"$9"},{"id":"5","name":"Margarita","image":"margarita.png","price":"$9"},{"id":"6","name":"Veggie","image":"veggie.png","price":"$8"},{"id":"7","name":"Super Pepperoni","image":"extrapeperoni.png","price":"$10"},{"id":"8","name":"Evergreen Cream","image":"evergreen.png","price":"$9"},{"id":"9","name":"Muzzarella BBQ","image":"bbqcheese.png","price":"$9"},{"id":"newId","name":"Hawaiian","image":"hawaiian.png","price":"$14"},{"id":"10","name":"Hawaiian","image":"hawaiian.png","price":"$14"},{"id":13,"name":"Hawaiian","image":"hawaiian.png","price":"$14"},{"id":"ccccc","name":"Hawaiian","image":"hawaiian.png","price":"$14"},{"id":"currentId","name":"Hawaiian","image":"hawaiian.png","price":"$14"}]}

]]></system-out>
  </testcase>
  <testcase name="[2:10] Validate filter by id" classname="examples/tests/inventoryTests" time="0.088">
    <system-out><![CDATA[23:33:36.264 [main] INFO  c.intuit.karate.core.FeatureRuntime - classpath:examples/pages/common.feature - call by tag at line 4: setup
23:33:36.275 [main] INFO  c.intuit.karate.core.FeatureRuntime - classpath:examples/pages/inventory.feature - call by tag at line 17: filterById
23:33:36.289 [main] DEBUG com.intuit.karate - request:
1 > GET http://localhost:3100/api/inventory/filter?id=3
1 > Host: localhost:3100
1 > Connection: Keep-Alive
1 > User-Agent: Apache-HttpClient/4.5.14 (Java/25)
1 > Accept-Encoding: gzip,deflate


23:33:36.334 [main] DEBUG com.intuit.karate - response time in milliseconds: 44
1 < 200
1 < X-Powered-By: Express
1 < Content-Type: application/json; charset=utf-8
1 < Content-Length: 68
1 < ETag: W/"44-vJ0RBTNCd/juNFNVN25r22XAjZQ"
1 < Date: Sat, 27 Sep 2025 02:33:36 GMT
1 < Connection: keep-alive
1 < Keep-Alive: timeout=5
{"id":"3","name":"Baked Rolls x 8","image":"roll.png","price":"$10"}

]]></system-out>
  </testcase>
  <testcase name="[3:13] Validate add new item" classname="examples/tests/inventoryTests" time="0.198">
    <failure message="status code was: 400, expected: 200, response time in milliseconds: 76, url: http://localhost:3100/api/inventory/add, response: &#10;Bad Request&#10;classpath:examples/pages/inventory.feature:30&#10;classpath:examples/tests/inventoryTests.feature:15" type="org.opentest4j.AssertionFailedError"><![CDATA[org.opentest4j.AssertionFailedError: 
status code was: 400, expected: 200, response time in milliseconds: 76, url: http://localhost:3100/api/inventory/add, response: 
Bad Request
classpath:examples/pages/inventory.feature:30
classpath:examples/tests/inventoryTests.feature:15
	at com.intuit.karate.junit5.FeatureNode.lambda$next$1(FeatureNode.java:86)
	at java.base/java.util.stream.ForEachOps$ForEachOp$OfRef.accept(ForEachOps.java:186)
	at java.base/java.util.stream.ReferencePipeline$3$1.accept(ReferencePipeline.java:214)
	at java.base/java.util.stream.ReferencePipeline$2$1.accept(ReferencePipeline.java:197)
	at java.base/java.util.stream.ReferencePipeline$3$1.accept(ReferencePipeline.java:214)
	at java.base/java.util.Iterator.forEachRemaining(Iterator.java:133)
	at java.base/java.util.Spliterators$IteratorSpliterator.forEachRemaining(Spliterators.java:1939)
	at java.base/java.util.stream.AbstractPipeline.copyInto(AbstractPipeline.java:570)
	at java.base/java.util.stream.AbstractPipeline.wrapAndCopyInto(AbstractPipeline.java:560)
	at java.base/java.util.stream.ForEachOps$ForEachOp.evaluateSequential(ForEachOps.java:153)
	at java.base/java.util.stream.ForEachOps$ForEachOp$OfRef.evaluateSequential(ForEachOps.java:176)
	at java.base/java.util.stream.AbstractPipeline.evaluate(AbstractPipeline.java:265)
	at java.base/java.util.stream.ReferencePipeline.forEachOrdered(ReferencePipeline.java:637)
	at java.base/java.util.Optional.ifPresent(Optional.java:178)
	at java.base/java.util.ArrayList.forEach(ArrayList.java:1604)
	at java.base/java.util.ArrayList.forEach(ArrayList.java:1604)
]]></failure>
    <system-out><![CDATA[23:33:36.353 [main] INFO  c.intuit.karate.core.FeatureRuntime - classpath:examples/pages/common.feature - call by tag at line 4: setup
23:33:36.368 [main] INFO  c.intuit.karate.core.FeatureRuntime - classpath:examples/pages/inventory.feature - call by tag at line 26: addItem
23:33:36.445 [main] DEBUG com.intuit.karate - request:
1 > POST http://localhost:3100/api/inventory/add
1 > Content-Type: application/json; charset=UTF-8
1 > Content-Length: 73
1 > Host: localhost:3100
1 > Connection: Keep-Alive
1 > User-Agent: Apache-HttpClient/4.5.14 (Java/25)
1 > Accept-Encoding: gzip,deflate
{"id":"currentId","name":"Hawaiian","image":"hawaiian.png","price":"$14"}

23:33:36.521 [main] DEBUG com.intuit.karate - response time in milliseconds: 76
1 < 400
1 < X-Powered-By: Express
1 < Content-Type: text/plain; charset=utf-8
1 < Content-Length: 11
1 < ETag: W/"b-EFiDB1U+dmqzx9Mo2UjcZ1SJPO8"
1 < Date: Sat, 27 Sep 2025 02:33:36 GMT
1 < Connection: keep-alive
1 < Keep-Alive: timeout=5
Bad Request

23:33:36.528 [main] ERROR com.intuit.karate - classpath:examples/pages/inventory.feature:30
Then status 200
status code was: 400, expected: 200, response time in milliseconds: 76, url: http://localhost:3100/api/inventory/add, response: 
Bad Request
classpath:examples/pages/inventory.feature:30
23:33:36.532 [main] ERROR com.intuit.karate - classpath:examples/tests/inventoryTests.feature:15
* call read('classpath:examples/pages/inventory.feature@addItem') testData
status code was: 400, expected: 200, response time in milliseconds: 76, url: http://localhost:3100/api/inventory/add, response: 
Bad Request
classpath:examples/pages/inventory.feature:30
classpath:examples/tests/inventoryTests.feature:15
]]></system-out>
  </testcase>
  <testcase name="[4:17] Validate add item with existent id" classname="examples/tests/inventoryTests" time="0.083">
    <system-out><![CDATA[23:33:36.556 [main] INFO  c.intuit.karate.core.FeatureRuntime - classpath:examples/pages/common.feature - call by tag at line 4: setup
23:33:36.567 [main] INFO  c.intuit.karate.core.FeatureRuntime - classpath:examples/pages/inventory.feature - call by tag at line 33: addItemExistent
23:33:36.575 [main] DEBUG com.intuit.karate - request:
1 > POST http://localhost:3100/api/inventory/add
1 > Content-Type: application/json; charset=UTF-8
1 > Content-Length: 73
1 > Host: localhost:3100
1 > Connection: Keep-Alive
1 > User-Agent: Apache-HttpClient/4.5.14 (Java/25)
1 > Accept-Encoding: gzip,deflate
{"id":"currentId","name":"Hawaiian","image":"hawaiian.png","price":"$14"}

23:33:36.627 [main] DEBUG com.intuit.karate - response time in milliseconds: 50
1 < 400
1 < X-Powered-By: Express
1 < Content-Type: text/plain; charset=utf-8
1 < Content-Length: 11
1 < ETag: W/"b-EFiDB1U+dmqzx9Mo2UjcZ1SJPO8"
1 < Date: Sat, 27 Sep 2025 02:33:36 GMT
1 < Connection: keep-alive
1 < Keep-Alive: timeout=5
Bad Request

]]></system-out>
  </testcase>
  <testcase name="[5:21] Validate add item with missing info" classname="examples/tests/inventoryTests" time="1.273">
    <failure message="match failed: EQUALS&#10;  $ | data types don&apos;t match (NULL:STRING)&#10;  null&#10;  &apos;Bad Request&apos;&#10;&#10;classpath:examples/pages/inventory.feature:46&#10;classpath:examples/tests/inventoryTests.feature:22" type="org.opentest4j.AssertionFailedError"><![CDATA[org.opentest4j.AssertionFailedError: 
match failed: EQUALS
  $ | data types don't match (NULL:STRING)
  null
  'Bad Request'

classpath:examples/pages/inventory.feature:46
classpath:examples/tests/inventoryTests.feature:22
	at com.intuit.karate.junit5.FeatureNode.lambda$next$1(FeatureNode.java:86)
	at java.base/java.util.stream.ForEachOps$ForEachOp$OfRef.accept(ForEachOps.java:186)
	at java.base/java.util.stream.ReferencePipeline$3$1.accept(ReferencePipeline.java:214)
	at java.base/java.util.stream.ReferencePipeline$2$1.accept(ReferencePipeline.java:197)
	at java.base/java.util.stream.ReferencePipeline$3$1.accept(ReferencePipeline.java:214)
	at java.base/java.util.Iterator.forEachRemaining(Iterator.java:133)
	at java.base/java.util.Spliterators$IteratorSpliterator.forEachRemaining(Spliterators.java:1939)
	at java.base/java.util.stream.AbstractPipeline.copyInto(AbstractPipeline.java:570)
	at java.base/java.util.stream.AbstractPipeline.wrapAndCopyInto(AbstractPipeline.java:560)
	at java.base/java.util.stream.ForEachOps$ForEachOp.evaluateSequential(ForEachOps.java:153)
	at java.base/java.util.stream.ForEachOps$ForEachOp$OfRef.evaluateSequential(ForEachOps.java:176)
	at java.base/java.util.stream.AbstractPipeline.evaluate(AbstractPipeline.java:265)
	at java.base/java.util.stream.ReferencePipeline.forEachOrdered(ReferencePipeline.java:637)
	at java.base/java.util.Optional.ifPresent(Optional.java:178)
	at java.base/java.util.ArrayList.forEach(ArrayList.java:1604)
	at java.base/java.util.ArrayList.forEach(ArrayList.java:1604)
]]></failure>
    <system-out><![CDATA[23:33:36.641 [main] INFO  c.intuit.karate.core.FeatureRuntime - classpath:examples/pages/common.feature - call by tag at line 4: setup
23:33:36.652 [main] INFO  c.intuit.karate.core.FeatureRuntime - classpath:examples/pages/inventory.feature - call by tag at line 40: addItemMissingInfo
23:33:36.658 [main] DEBUG com.intuit.karate - request:
1 > POST http://localhost:3100/api/inventory/add
1 > Content-Type: application/json; charset=UTF-8
1 > Content-Length: 34
1 > Host: localhost:3100
1 > Connection: Keep-Alive
1 > User-Agent: Apache-HttpClient/4.5.14 (Java/25)
1 > Accept-Encoding: gzip,deflate
{"name":"Incomplete","price":"$5"}

23:33:36.695 [main] DEBUG com.intuit.karate - response time in milliseconds: 37
1 < 400
1 < X-Powered-By: Express
1 < Content-Type: text/html; charset=utf-8
1 < Content-Length: 28
1 < ETag: W/"1c-k7jAXLdqgoyddFLKVx/smZcPhI0"
1 < Date: Sat, 27 Sep 2025 02:33:36 GMT
1 < Connection: keep-alive
1 < Keep-Alive: timeout=5
Not all requirements are met

23:33:36.702 [main] ERROR com.intuit.karate - classpath:examples/pages/inventory.feature:46
And match response.message == 'Bad Request'
match failed: EQUALS
  $ | data types don't match (NULL:STRING)
  null
  'Bad Request'

classpath:examples/pages/inventory.feature:46
23:33:36.703 [main] ERROR com.intuit.karate - classpath:examples/tests/inventoryTests.feature:22
* call read('classpath:examples/pages/inventory.feature@addItemMissingInfo')
match failed: EQUALS
  $ | data types don't match (NULL:STRING)
  null
  'Bad Request'

classpath:examples/pages/inventory.feature:46
classpath:examples/tests/inventoryTests.feature:22
---------------------------------------------------------
feature: classpath:examples/tests/inventoryTests.feature
scenarios:  5 | passed:  3 | failed:  2 | time: 1,3299
---------------------------------------------------------

Karate version: 1.5.0
======================================================
elapsed:   4,46 | threads:    1 | thread time: 1,33 
features:     1 | skipped:    0 | efficiency: 0,30
scenarios:    5 | passed:     3 | failed: 2
======================================================
>>> failed features:
status code was: 400, expected: 200, response time in milliseconds: 76, url: http://localhost:3100/api/inventory/add, response: 
Bad Request
classpath:examples/pages/inventory.feature:30
classpath:examples/tests/inventoryTests.feature:15
match failed: EQUALS
  $ | data types don't match (NULL:STRING)
  null
  'Bad Request'

classpath:examples/pages/inventory.feature:46
classpath:examples/tests/inventoryTests.feature:22
<<<

HTML report: (paste into browser to view) | Karate version: 1.5.0
file:///C:/Users/Usuario2024/Documents/Celara/home-test-api/target/karate-reports/karate-summary.html
===================================================================

]]></system-out>
  </testcase>
</testsuite>